<?xml version="1.0" encoding="UTF-8"?>
<!-- Generated by org.testng.reporters.JUnitReportReporter -->
<testsuite hostname="LenevoIdeapad" failures="0" tests="4" name="TestNG.TestNGDemo" time="2.085" errors="0" timestamp="2024-09-24T13:33:29 IST" skipped="0">
  <testcase classname="TestNG.TestNGDemo" name="enter_name" time="0.156"/>
  <system-out/>
  <testcase classname="TestNG.TestNGDemo" name="enter_email" time="0.126"/>
  <system-out/>
  <testcase classname="TestNG.TestNGDemo" name="enter_signup" time="1.713"/>
  <system-out/>
  <testcase classname="TestNG.TestNGDemo" name="title" time="0.090"/>
  <system-out/>
</testsuite> <!-- TestNG.TestNGDemo -->
